  Snake.cpp
C:\Users\drago\Desktop\OOP\SFML Projects\Snake-SFML\Snake\Snake\Snake.cpp(6,53): warning C4244: 'argument': conversion from 'int' to 'T', possible loss of data
          with
          [
              T=float
          ]
C:\Users\drago\Desktop\OOP\SFML Projects\Snake-SFML\Snake\Snake\Snake.cpp(6,41): warning C4244: 'argument': conversion from 'int' to 'T', possible loss of data
          with
          [
              T=float
          ]
C:\Users\drago\Desktop\OOP\SFML Projects\Snake-SFML\Snake\Snake\Snake.cpp(145,20): warning C4244: 'argument': conversion from 'int' to 'float', possible loss of data
C:\Users\drago\Desktop\OOP\SFML Projects\Snake-SFML\Snake\Snake\Snake.cpp(144,42): warning C4244: 'argument': conversion from 'int' to 'float', possible loss of data
C:\Users\drago\Desktop\OOP\SFML Projects\Snake-SFML\Snake\Snake\Snake.cpp(150,20): warning C4244: 'argument': conversion from 'int' to 'float', possible loss of data
C:\Users\drago\Desktop\OOP\SFML Projects\Snake-SFML\Snake\Snake\Snake.cpp(149,42): warning C4244: 'argument': conversion from 'int' to 'float', possible loss of data
  World.cpp
C:\Users\drago\Desktop\OOP\SFML Projects\Snake-SFML\Snake\Snake\World.cpp(8,37): warning C4244: 'argument': conversion from 'int' to 'float', possible loss of data
C:\Users\drago\Desktop\OOP\SFML Projects\Snake-SFML\Snake\Snake\World.cpp(13,5): warning C4244: 'argument': conversion from 'int' to 'T', possible loss of data
          with
          [
              T=float
          ]
C:\Users\drago\Desktop\OOP\SFML Projects\Snake-SFML\Snake\Snake\World.cpp(12,49): warning C4244: 'argument': conversion from 'T' to 'T', possible loss of data
          with
          [
              T=unsigned int
          ]
          and
          [
              T=float
          ]
C:\Users\drago\Desktop\OOP\SFML Projects\Snake-SFML\Snake\Snake\World.cpp(17,17): warning C4244: 'argument': conversion from 'T' to 'T', possible loss of data
          with
          [
              T=unsigned int
          ]
          and
          [
              T=float
          ]
C:\Users\drago\Desktop\OOP\SFML Projects\Snake-SFML\Snake\Snake\World.cpp(16,37): warning C4244: 'argument': conversion from 'int' to 'T', possible loss of data
          with
          [
              T=float
          ]
C:\Users\drago\Desktop\OOP\SFML Projects\Snake-SFML\Snake\Snake\World.cpp(37,12): warning C4244: 'argument': conversion from 'int' to 'float', possible loss of data
C:\Users\drago\Desktop\OOP\SFML Projects\Snake-SFML\Snake\Snake\World.cpp(36,11): warning C4244: 'argument': conversion from 'int' to 'float', possible loss of data
  Generating Code...
  Snake.vcxproj -> C:\Users\drago\Desktop\OOP\SFML Projects\Snake-SFML\Snake\Debug\Snake.exe
